Spark Command: /Library/Java/JavaVirtualMachines/jdk1.8.0_91.jdk/Contents/Home/jre/bin/java -cp /Users/joangoyeau/Code/spark-kubernetes/src/main/resources/spark-2.3.0-bin-hadoop2.7/conf/:/Users/joangoyeau/Code/spark-kubernetes/src/main/resources/spark-2.3.0-bin-hadoop2.7/jars/* -Xmx1g org.apache.spark.deploy.master.Master --host Joans-Computer.local --port 7077 --webui-port 8080
========================================
2018-05-27 00:58:13 INFO  Master:2608 - Started daemon with process name: 22954@Joans-Computer.local
2018-05-27 00:58:13 INFO  SignalUtils:54 - Registered signal handler for TERM
2018-05-27 00:58:13 INFO  SignalUtils:54 - Registered signal handler for HUP
2018-05-27 00:58:13 INFO  SignalUtils:54 - Registered signal handler for INT
2018-05-27 00:58:13 WARN  NativeCodeLoader:62 - Unable to load native-hadoop library for your platform... using builtin-java classes where applicable
2018-05-27 00:58:14 INFO  SecurityManager:54 - Changing view acls to: joangoyeau
2018-05-27 00:58:14 INFO  SecurityManager:54 - Changing modify acls to: joangoyeau
2018-05-27 00:58:14 INFO  SecurityManager:54 - Changing view acls groups to: 
2018-05-27 00:58:14 INFO  SecurityManager:54 - Changing modify acls groups to: 
2018-05-27 00:58:14 INFO  SecurityManager:54 - SecurityManager: authentication disabled; ui acls disabled; users  with view permissions: Set(joangoyeau); groups with view permissions: Set(); users  with modify permissions: Set(joangoyeau); groups with modify permissions: Set()
2018-05-27 00:58:14 INFO  Utils:54 - Successfully started service 'sparkMaster' on port 7077.
2018-05-27 00:58:14 INFO  Master:54 - Starting Spark master at spark://Joans-Computer.local:7077
2018-05-27 00:58:14 INFO  Master:54 - Running Spark version 2.3.0
2018-05-27 00:58:14 INFO  log:192 - Logging initialized @2271ms
2018-05-27 00:58:14 INFO  Server:346 - jetty-9.3.z-SNAPSHOT
2018-05-27 00:58:14 INFO  Server:414 - Started @2347ms
2018-05-27 00:58:14 INFO  AbstractConnector:278 - Started ServerConnector@5f2292a3{HTTP/1.1,[http/1.1]}{0.0.0.0:8080}
2018-05-27 00:58:14 INFO  Utils:54 - Successfully started service 'MasterUI' on port 8080.
2018-05-27 00:58:14 INFO  ContextHandler:781 - Started o.s.j.s.ServletContextHandler@1ab87376{/app,null,AVAILABLE,@Spark}
2018-05-27 00:58:14 INFO  ContextHandler:781 - Started o.s.j.s.ServletContextHandler@59577e2c{/app/json,null,AVAILABLE,@Spark}
2018-05-27 00:58:14 INFO  ContextHandler:781 - Started o.s.j.s.ServletContextHandler@14b7e19d{/,null,AVAILABLE,@Spark}
2018-05-27 00:58:14 INFO  ContextHandler:781 - Started o.s.j.s.ServletContextHandler@6ecd9462{/json,null,AVAILABLE,@Spark}
2018-05-27 00:58:14 INFO  ContextHandler:781 - Started o.s.j.s.ServletContextHandler@c093189{/static,null,AVAILABLE,@Spark}
2018-05-27 00:58:14 INFO  ContextHandler:781 - Started o.s.j.s.ServletContextHandler@1a2e3a71{/app/kill,null,AVAILABLE,@Spark}
2018-05-27 00:58:14 INFO  ContextHandler:781 - Started o.s.j.s.ServletContextHandler@40697d7d{/driver/kill,null,AVAILABLE,@Spark}
2018-05-27 00:58:14 INFO  MasterWebUI:54 - Bound MasterWebUI to 0.0.0.0, and started at http://192.168.0.104:8080
2018-05-27 00:58:14 INFO  Server:346 - jetty-9.3.z-SNAPSHOT
2018-05-27 00:58:14 INFO  ContextHandler:781 - Started o.s.j.s.ServletContextHandler@75e41028{/,null,AVAILABLE}
2018-05-27 00:58:14 INFO  AbstractConnector:278 - Started ServerConnector@25a96dee{HTTP/1.1,[http/1.1]}{Joans-Computer.local:6066}
2018-05-27 00:58:14 INFO  Server:414 - Started @2486ms
2018-05-27 00:58:14 INFO  Utils:54 - Successfully started service on port 6066.
2018-05-27 00:58:14 INFO  StandaloneRestServer:54 - Started REST server for submitting applications on port 6066
2018-05-27 00:58:15 INFO  ContextHandler:781 - Started o.s.j.s.ServletContextHandler@5a68afb7{/metrics/master/json,null,AVAILABLE,@Spark}
2018-05-27 00:58:15 INFO  ContextHandler:781 - Started o.s.j.s.ServletContextHandler@7d6e493c{/metrics/applications/json,null,AVAILABLE,@Spark}
2018-05-27 00:58:15 INFO  Master:54 - I have been elected leader! New state: ALIVE
2018-05-27 00:59:23 ERROR Master:43 - RECEIVED SIGNAL TERM
